<?xml version="1.0" encoding="UTF-8"?>
<!-- Generated by org.testng.reporters.JUnitReportReporter -->
<testsuite skipped="0" hostname="WL2781-0053151" name="com.designer.yourproject.Designer_Login" tests="1" failures="0" timestamp="17 Nov 2018 05:58:44 GMT" time="15.249" errors="0">
  <testcase name="nuRentalDigitalGmStoreGC" time="15.249" classname="com.designer.yourproject.Designer_Login"/>
</testsuite> <!-- com.designer.yourproject.Designer_Login -->
