<?xml version="1.0" encoding="UTF-8"?>
<!-- Generated by org.testng.reporters.JUnitReportReporter -->
<testsuite skipped="0" hostname="WL2781-0053151" name="com.decorist.designer.Designer_Login" tests="1" failures="0" timestamp="17 Nov 2018 09:51:09 GMT" time="28.187" errors="0">
  <testcase name="nuRentalDigitalGmStoreGC" time="28.187" classname="com.decorist.designer.Designer_Login"/>
</testsuite> <!-- com.decorist.designer.Designer_Login -->
