<?xml version="1.0" encoding="UTF-8"?>
<!-- Generated by org.testng.reporters.JUnitReportReporter -->
<testsuite skipped="0" hostname="WL2781-0053151" name="test.java.Designer_LoginTest" tests="1" failures="0" timestamp="22 Nov 2018 09:59:59 GMT" time="29.711" errors="0">
  <testcase name="nuRentalDigitalGmStoreGC" time="29.711" classname="test.java.Designer_LoginTest"/>
</testsuite> <!-- test.java.Designer_LoginTest -->
