<?xml version="1.0" encoding="UTF-8"?>
<!-- Generated by org.testng.reporters.JUnitReportReporter -->
<testsuite hostname="WL2781-0053151" name="test.java.Designer_LoginTest" tests="1" failures="0" timestamp="28 Nov 2018 08:01:04 GMT" time="34.980" errors="0">
  <testcase name="nuRentalDigitalGmStoreGC" time="34.980" classname="test.java.Designer_LoginTest"/>
</testsuite> <!-- test.java.Designer_LoginTest -->
