<?xml version="1.0" encoding="UTF-8"?>
<!-- Generated by org.testng.reporters.JUnitReportReporter -->
<testsuite hostname="WL2781-0053151" name="test.java.Designer_LoginTest" tests="1" failures="0" timestamp="28 Nov 2018 05:53:55 GMT" time="28.791" errors="0">
  <testcase name="nuRentalDigitalGmStoreGC" time="28.791" classname="test.java.Designer_LoginTest"/>
</testsuite> <!-- test.java.Designer_LoginTest -->
